# JRE version: OpenJDK Runtime Environment (21.0.8) (build 21.0.8+-14196175-b1038.72)
# Java VM: OpenJDK 64-Bit Server VM (21.0.8+-14196175-b1038.72, mixed mode, tiered, compressed oops, compressed class ptrs, g1 gc, windows-amd64)
GC Precious Log:
 CardTable entry size: 512
 Card Set container configuration: InlinePtr #cards 5 size 8 Array Of Cards #cards 12 size 40 Howl #buckets 4 coarsen threshold 1843 Howl Bitmap #cards 512 size 80 coarsen threshold 460 Card regions per heap region 1 cards per card region 2048
 CPUs: 4 total, 4 available
 Memory: 8113M
 Large Page Support: Disabled
 NUMA Support: Disabled
 Compressed Oops: Enabled (32-bit)
 Heap Region Size: 1M
 Heap Min Capacity: 8M
 Heap Initial Capacity: 128M
 Heap Max Capacity: 2G
 Pre-touch: Disabled
 Parallel Workers: 4
 Concurrent Workers: 1
 Concurrent Refinement Workers: 4
 Periodic GC: Disabled
Heap:
 garbage-first heap   total 137216K, used 101993K [0x0000000080000000, 0x0000000100000000)
  region size 1024K, 5 young (5120K), 5 survivors (5120K)
 Metaspace       used 64995K, committed 66432K, reserved 1114112K
  class space    used 9189K, committed 9856K, reserved 1048576K
GC Heap History (20 events):
Event: 48.893 GC heap after
{Heap after GC invocations=15 (full 0):
 garbage-first heap   total 102400K, used 63116K [0x0000000080000000, 0x0000000100000000)
  region size 1024K, 4 young (4096K), 4 survivors (4096K)
 Metaspace       used 43623K, committed 44608K, reserved 1114112K
  class space    used 6122K, committed 6592K, reserved 1048576K
}
Event: 50.209 GC heap before
{Heap before GC invocations=15 (full 0):
 garbage-first heap   total 102400K, used 91788K [0x0000000080000000, 0x0000000100000000)
  region size 1024K, 32 young (32768K), 4 survivors (4096K)
 Metaspace       used 47278K, committed 48192K, reserved 1114112K
  class space    used 6654K, committed 7104K, reserved 1048576K
}
Event: 50.220 GC heap after
{Heap after GC invocations=16 (full 0):
 garbage-first heap   total 122880K, used 64359K [0x0000000080000000, 0x0000000100000000)
  region size 1024K, 2 young (2048K), 2 survivors (2048K)
 Metaspace       used 47278K, committed 48192K, reserved 1114112K
  class space    used 6654K, committed 7104K, reserved 1048576K
}
Event: 55.540 GC heap before
{Heap before GC invocations=17 (full 0):
 garbage-first heap   total 122880K, used 118631K [0x0000000080000000, 0x0000000100000000)
  region size 1024K, 50 young (51200K), 2 survivors (2048K)
 Metaspace       used 55294K, committed 56320K, reserved 1114112K
  class space    used 7573K, committed 8064K, reserved 1048576K
}
Event: 55.564 GC heap after
{Heap after GC invocations=18 (full 0):
 garbage-first heap   total 125952K, used 69487K [0x0000000080000000, 0x0000000100000000)
  region size 1024K, 7 young (7168K), 7 survivors (7168K)
 Metaspace       used 55294K, committed 56320K, reserved 1114112K
  class space    used 7573K, committed 8064K, reserved 1048576K
}
Event: 57.507 GC heap before
{Heap before GC invocations=18 (full 0):
 garbage-first heap   total 125952K, used 111471K [0x0000000080000000, 0x0000000100000000)
  region size 1024K, 48 young (49152K), 7 survivors (7168K)
 Metaspace       used 58042K, committed 59200K, reserved 1114112K
  class space    used 8026K, committed 8576K, reserved 1048576K
}
Event: 57.524 GC heap after
{Heap after GC invocations=19 (full 0):
 garbage-first heap   total 125952K, used 71050K [0x0000000080000000, 0x0000000100000000)
  region size 1024K, 2 young (2048K), 2 survivors (2048K)
 Metaspace       used 58042K, committed 59200K, reserved 1114112K
  class space    used 8026K, committed 8576K, reserved 1048576K
}
Event: 58.680 GC heap before
{Heap before GC invocations=19 (full 0):
 garbage-first heap   total 125952K, used 115082K [0x0000000080000000, 0x0000000100000000)
  region size 1024K, 45 young (46080K), 2 survivors (2048K)
 Metaspace       used 63182K, committed 64704K, reserved 1114112K
  class space    used 8893K, committed 9600K, reserved 1048576K
}
Event: 58.695 GC heap after
{Heap after GC invocations=20 (full 0):
 garbage-first heap   total 125952K, used 72862K [0x0000000080000000, 0x0000000100000000)
  region size 1024K, 4 young (4096K), 4 survivors (4096K)
 Metaspace       used 63182K, committed 64704K, reserved 1114112K
  class space    used 8893K, committed 9600K, reserved 1048576K
}
Event: 59.930 GC heap before
{Heap before GC invocations=21 (full 0):
 garbage-first heap   total 125952K, used 113822K [0x0000000080000000, 0x0000000100000000)
  region size 1024K, 44 young (45056K), 4 survivors (4096K)
 Metaspace       used 64149K, committed 65664K, reserved 1114112K
  class space    used 9086K, committed 9792K, reserved 1048576K
}
Event: 59.944 GC heap after
{Heap after GC invocations=22 (full 0):
 garbage-first heap   total 125952K, used 75090K [0x0000000080000000, 0x0000000100000000)
  region size 1024K, 5 young (5120K), 5 survivors (5120K)
 Metaspace       used 64149K, committed 65664K, reserved 1114112K
  class space    used 9086K, committed 9792K, reserved 1048576K
}
Event: 60.177 GC heap before
{Heap before GC invocations=22 (full 0):
 garbage-first heap   total 125952K, used 114002K [0x0000000080000000, 0x0000000100000000)
  region size 1024K, 42 young (43008K), 5 survivors (5120K)
 Metaspace       used 64149K, committed 65664K, reserved 1114112K
  class space    used 9086K, committed 9792K, reserved 1048576K
}
Event: 60.192 GC heap after
{Heap after GC invocations=23 (full 0):
 garbage-first heap   total 125952K, used 76319K [0x0000000080000000, 0x0000000100000000)
  region size 1024K, 4 young (4096K), 4 survivors (4096K)
 Metaspace       used 64149K, committed 65664K, reserved 1114112K
  class space    used 9086K, committed 9792K, reserved 1048576K
}
Event: 60.409 GC heap before
{Heap before GC invocations=23 (full 0):
 garbage-first heap   total 125952K, used 114207K [0x0000000080000000, 0x0000000100000000)
  region size 1024K, 41 young (41984K), 4 survivors (4096K)
 Metaspace       used 64149K, committed 65664K, reserved 1114112K
  class space    used 9086K, committed 9792K, reserved 1048576K
}
Event: 60.419 GC heap after
{Heap after GC invocations=24 (full 0):
 garbage-first heap   total 125952K, used 78019K [0x0000000080000000, 0x0000000100000000)
  region size 1024K, 4 young (4096K), 4 survivors (4096K)
 Metaspace       used 64149K, committed 65664K, reserved 1114112K
  class space    used 9086K, committed 9792K, reserved 1048576K
}
Event: 60.881 GC heap before
{Heap before GC invocations=25 (full 0):
 garbage-first heap   total 132096K, used 113859K [0x0000000080000000, 0x0000000100000000)
  region size 1024K, 39 young (39936K), 4 survivors (4096K)
 Metaspace       used 64141K, committed 65664K, reserved 1114112K
  class space    used 9082K, committed 9792K, reserved 1048576K
}
Event: 60.905 GC heap after
{Heap after GC invocations=26 (full 0):
 garbage-first heap   total 132096K, used 83135K [0x0000000080000000, 0x0000000100000000)
  region size 1024K, 5 young (5120K), 5 survivors (5120K)
 Metaspace       used 64141K, committed 65664K, reserved 1114112K
  class space    used 9082K, committed 9792K, reserved 1048576K
}
Event: 62.599 GC heap before
{Heap before GC invocations=26 (full 0):
 garbage-first heap   total 132096K, used 118975K [0x0000000080000000, 0x0000000100000000)
  region size 1024K, 40 young (40960K), 5 survivors (5120K)
 Metaspace       used 64402K, committed 65856K, reserved 1114112K
  class space    used 9117K, committed 9792K, reserved 1048576K
}
Event: 62.619 GC heap after
{Heap after GC invocations=27 (full 0):
 garbage-first heap   total 132096K, used 90112K [0x0000000080000000, 0x0000000100000000)
  region size 1024K, 5 young (5120K), 5 survivors (5120K)
 Metaspace       used 64402K, committed 65856K, reserved 1114112K
  class space    used 9117K, committed 9792K, reserved 1048576K
}
Event: 62.940 GC heap before
{Heap before GC invocations=27 (full 0):
 garbage-first heap   total 132096K, used 119808K [0x0000000080000000, 0x0000000100000000)
  region size 1024K, 34 young (34816K), 5 survivors (5120K)
 Metaspace       used 64995K, committed 66432K, reserved 1114112K
  class space    used 9189K, committed 9856K, reserved 1048576K
}

